<?xml version="1.0" encoding="UTF-8"?>
<!-- Generated by org.testng.reporters.JUnitReportReporter -->
<testsuite skipped="0" hostname="Laptop" name="MonitorEvents" tests="1" failures="0" timestamp="2019-12-01T16:47:46 IST" time="51.143" errors="0">
  <testcase name="monitorEvent" time="51.143" classname="MonitorEvents"/>
</testsuite> <!-- MonitorEvents -->
