<?xml version="1.0" encoding="UTF-8"?>
<!-- Generated by org.testng.reporters.JUnitReportReporter -->
<testsuite skipped="0" hostname="Laptop" name="SwitchWindow" tests="1" failures="0" timestamp="2019-11-30T18:25:19 IST" time="34.932" errors="0">
  <testcase name="switchWindow" time="34.932" classname="SwitchWindow"/>
</testsuite> <!-- SwitchWindow -->
