<?xml version="1.0" encoding="UTF-8"?>
<!-- Generated by org.testng.reporters.JUnitReportReporter -->
<testsuite skipped="0" hostname="Laptop" name="DevTools" tests="1" failures="0" timestamp="2019-12-05T10:03:25 IST" time="19.700" errors="0">
  <testcase name="monitorEvent" time="19.700" classname="DevTools"/>
</testsuite> <!-- DevTools -->
